fileIndex:
 -> {file1.txt=77}
sejam -> {file1.txt=1}
aprimorar -> {file1.txt=1}
diversidade -> {file1.txt=1}
perda -> {file1.txt=1}
fazemos -> {file1.txt=1}
Equilibrado -> {file1.txt=1}
Consumo -> {file1.txt=1}
eventos -> {file1.txt=1}
desigualdades -> {file1.txt=2}
sociedade: -> {file1.txt=1}
implementar -> {file1.txt=1}
ecossistemas -> {file1.txt=1}
fome -> {file1.txt=1}
— -> {file1.txt=3}
deu -> {file1.txt=1}
baseado -> {file1.txt=1}
social. -> {file1.txt=2}
relatório -> {file1.txt=1}
tem -> {file1.txt=2}
nova -> {file1.txt=1}
escalas -> {file1.txt=1}
crítica -> {file1.txt=1}
qualidade -> {file1.txt=2}
Para -> {file1.txt=1}
circular -> {file1.txt=2}
visto -> {file1.txt=1}
cidades -> {file1.txt=1}
ao -> {file1.txt=3}
as -> {file1.txt=7}
conscientes -> {file1.txt=1}
está -> {file1.txt=3}
têm -> {file1.txt=1}
culturas -> {file1.txt=1}
ações -> {file1.txt=3}
A -> {file1.txt=6}
Seu -> {file1.txt=1}
Conclusão -> {file1.txt=1}
respondendo -> {file1.txt=1}
capacidade -> {file1.txt=2}
O -> {file1.txt=10}
renovável -> {file1.txt=1}
As -> {file1.txt=1}
sem -> {file1.txt=4}
mobilização -> {file1.txt=1}
definido -> {file1.txt=1}
mudança -> {file1.txt=3}
significado -> {file1.txt=1}
a -> {file1.txt=28}
ser -> {file1.txt=1}
e -> {file1.txt=45}
efeito -> {file1.txt=1}
responsabilidade -> {file1.txt=1}
desperdício: -> {file1.txt=1}
preocupantes. -> {file1.txt=1}
o -> {file1.txt=24}
estimula -> {file1.txt=1}
optar -> {file1.txt=1}
visa -> {file1.txt=1}
desafios -> {file1.txt=2}
Pilar -> {file1.txt=3}
da -> {file1.txt=15}
amplamente -> {file1.txt=1}
Ele -> {file1.txt=1}
de -> {file1.txt=50}
estiver -> {file1.txt=1}
básicos -> {file1.txt=1}
países. -> {file1.txt=1}
do -> {file1.txt=8}
meio -> {file1.txt=3}
Relatório -> {file1.txt=1}
encontrar -> {file1.txt=1}
historicamente -> {file1.txt=1}
poluição -> {file1.txt=2}
concentração -> {file1.txt=1}
objetivos -> {file1.txt=1}
danos -> {file1.txt=1}
promover -> {file1.txt=3}
controle -> {file1.txt=1}
locais -> {file1.txt=1}
gases -> {file1.txt=1}
sobrevivência -> {file1.txt=1}
reforçam -> {file1.txt=1}
cadeias -> {file1.txt=1}
energia -> {file1.txt=5}
em -> {file1.txt=8}
vulneráveis. -> {file1.txt=1}
(ODS) -> {file1.txt=2}
população -> {file1.txt=1}
consumo -> {file1.txt=3}
sobre -> {file1.txt=2}
Nações -> {file1.txt=1}
exige -> {file1.txt=2}
produtos -> {file1.txt=2}
desenfreado -> {file1.txt=1}
ONU. -> {file1.txt=1}
inovação -> {file1.txt=2}
foi -> {file1.txt=2}
intuito -> {file1.txt=1}
ausência -> {file1.txt=1}
uma -> {file1.txt=6}
Em -> {file1.txt=2}
pensar -> {file1.txt=1}
intergeracional -> {file1.txt=1}
Desigualdades -> {file1.txt=1}
acelerada -> {file1.txt=1}
Esses -> {file1.txt=1}
cotidianos -> {file1.txt=1}
água -> {file1.txt=2}
Organização -> {file1.txt=1}
populacional -> {file1.txt=1}
cidadãos. -> {file1.txt=1}
não -> {file1.txt=2}
valorização -> {file1.txt=1}
vulneráveis -> {file1.txt=1}
comunidade. -> {file1.txt=1}
construção -> {file1.txt=2}
à -> {file1.txt=3}
embalagens -> {file1.txt=1}
ambiente. -> {file1.txt=1}
naturais. -> {file1.txt=1}
mundo -> {file1.txt=2}
muitas -> {file1.txt=1}
degradação -> {file1.txt=1}
é -> {file1.txt=6}
cidadão -> {file1.txt=1}
Agenda -> {file1.txt=1}
últimas -> {file1.txt=1}
presente -> {file1.txt=1}
planeta. -> {file1.txt=1}
educação -> {file1.txt=6}
2015 -> {file1.txt=1}
estabeleceu -> {file1.txt=1}
promissores -> {file1.txt=1}
Meio -> {file1.txt=1}
necessidades”. -> {file1.txt=1}
votar -> {file1.txt=1}
contribuem -> {file1.txt=1}
Isso -> {file1.txt=2}
lixo -> {file1.txt=1}
realidade -> {file1.txt=1}
2030 -> {file1.txt=1}
erradicação -> {file1.txt=1}
climáticos -> {file1.txt=1}
sustentáveis -> {file1.txt=2}
Sustentável -> {file1.txt=2}
Falta -> {file1.txt=1}
sustentabilidade -> {file1.txt=2}
ODS -> {file1.txt=1}
nas -> {file1.txt=1}
econômico -> {file1.txt=4}
metas -> {file1.txt=1}
necessidades. -> {file1.txt=1}
ambiental -> {file1.txt=7}
eólica -> {file1.txt=1}
países -> {file1.txt=2}
desenvolvido -> {file1.txt=1}
carne -> {file1.txt=1}
justamente -> {file1.txt=1}
inteligência -> {file1.txt=1}
orientar -> {file1.txt=1}
econômica -> {file1.txt=4}
água. -> {file1.txt=1}
impacto -> {file1.txt=1}
esses -> {file1.txt=1}
inclusão -> {file1.txt=1}
poluído -> {file1.txt=1}
Terra -> {file1.txt=1}
humanas -> {file1.txt=1}
hora -> {file1.txt=1}
dos -> {file1.txt=4}
agora. -> {file1.txt=1}
muitos -> {file1.txt=3}
interconexão -> {file1.txt=1}
meios -> {file1.txt=1}
concretize -> {file1.txt=1}
atividades -> {file1.txt=1}
humanidade. -> {file1.txt=1}
fontes -> {file1.txt=2}
linear -> {file1.txt=1}
Origens -> {file1.txt=1}
sustentável. -> {file1.txt=1}
principalmente -> {file1.txt=1}
passando -> {file1.txt=1}
elementos -> {file1.txt=1}
faltam -> {file1.txt=1}
futuro -> {file1.txt=1}
proteção -> {file1.txt=1}
escolas -> {file1.txt=1}
Desafios -> {file1.txt=1}
com -> {file1.txt=2}
acesso -> {file1.txt=1}
ambientais -> {file1.txt=1}
flora -> {file1.txt=1}
tecnológicas -> {file1.txt=1}
tempo -> {file1.txt=1}
mais -> {file1.txt=4}
uso -> {file1.txt=5}
equilibrado -> {file1.txt=1}
gerações -> {file1.txt=2}
academia -> {file1.txt=1}
formação -> {file1.txt=1}
nem -> {file1.txt=1}
públicas -> {file1.txt=2}
reduzido -> {file1.txt=1}
intensiva -> {file1.txt=1}
mudanças -> {file1.txt=1}
própria -> {file1.txt=1}
entre -> {file1.txt=2}
equilibrada -> {file1.txt=1}
progresso -> {file1.txt=1}
consciência -> {file1.txt=1}
desde -> {file1.txt=2}
gerando -> {file1.txt=1}
públicos. -> {file1.txt=1}
economizar -> {file1.txt=1}
oferecem -> {file1.txt=1}
fundamentais: -> {file1.txt=1}
coletivo -> {file1.txt=1}
popularizado -> {file1.txt=1}
todas -> {file1.txt=1}
Reduzir -> {file1.txt=1}
na -> {file1.txt=4}
Nele -> {file1.txt=1}
políticas -> {file1.txt=2}
biodiversidade -> {file1.txt=2}
trabalho -> {file1.txt=1}
dificulta -> {file1.txt=1}
já -> {file1.txt=1}
décadas -> {file1.txt=1}
governos -> {file1.txt=2}
coletiva -> {file1.txt=1}
Brundtland -> {file1.txt=1}
no -> {file1.txt=1}
custa -> {file1.txt=1}
marcado -> {file1.txt=1}
renováveis -> {file1.txt=1}
fazer -> {file1.txt=2}
escolhas -> {file1.txt=2}
ainda -> {file1.txt=1}
forma -> {file1.txt=2}
populações -> {file1.txt=1}
transformação -> {file1.txt=2}
simples -> {file1.txt=1}
Mudanças -> {file1.txt=1}
caminhos -> {file1.txt=1}
cobrar -> {file1.txt=1}
acima -> {file1.txt=1}
os -> {file1.txt=8}
social -> {file1.txt=6}
ou -> {file1.txt=4}
atenderem -> {file1.txt=1}
negativos -> {file1.txt=1}
filosofia -> {file1.txt=1}
oportunidades -> {file1.txt=3}
crescente -> {file1.txt=1}
riqueza -> {file1.txt=2}
possível -> {file1.txt=1}
Mais -> {file1.txt=1}
ambiental. -> {file1.txt=1}
conceito -> {file1.txt=3}
hoje. -> {file1.txt=1}
Os -> {file1.txt=3}
dados -> {file1.txt=1}
reduzir -> {file1.txt=1}
reconheça -> {file1.txt=1}
coexistirem -> {file1.txt=1}
inclui -> {file1.txt=1}
pelo -> {file1.txt=1}
expressões -> {file1.txt=1}
grandes -> {file1.txt=2}
práticas -> {file1.txt=2}
redução -> {file1.txt=2}
pela -> {file1.txt=1}
potável -> {file1.txt=1}
além -> {file1.txt=1}
suas -> {file1.txt=2}
criar -> {file1.txt=1}
exemplo -> {file1.txt=1}
17 -> {file1.txt=1}
importância -> {file1.txt=1}
urbanização -> {file1.txt=1}
desenvolvimento -> {file1.txt=11}
modelo -> {file1.txt=3}
tornou-se -> {file1.txt=2}
Além -> {file1.txt=1}
pessoas -> {file1.txt=1}
produtivas -> {file1.txt=1}
Por -> {file1.txt=1}
política -> {file1.txt=1}
preservação -> {file1.txt=1}
sua -> {file1.txt=2}
vastas. -> {file1.txt=1}
negócios -> {file1.txt=1}
vida -> {file1.txt=1}
fundamental -> {file1.txt=1}
integradas -> {file1.txt=1}
global -> {file1.txt=1}
estufa -> {file1.txt=1}
se -> {file1.txt=5}
por -> {file1.txt=7}
custas -> {file1.txt=1}
limpas -> {file1.txt=1}
digno. -> {file1.txt=1}
extremos -> {file1.txt=1}
consumir -> {file1.txt=1}
respeito -> {file1.txt=1}
gestão -> {file1.txt=1}
alcançada -> {file1.txt=1}
limitada: -> {file1.txt=1}
moradia -> {file1.txt=1}
transição -> {file1.txt=1}
inovações -> {file1.txt=1}
sociedade -> {file1.txt=1}
emissões -> {file1.txt=2}
cultural. -> {file1.txt=1}
mentalidade -> {file1.txt=1}
empresas -> {file1.txt=3}
produção -> {file1.txt=1}
equilibrar -> {file1.txt=1}
todos -> {file1.txt=2}
básica. -> {file1.txt=1}
envolve -> {file1.txt=1}
sustentável -> {file1.txt=10}
impulsionar -> {file1.txt=1}
resíduos -> {file1.txt=2}
um -> {file1.txt=9}
próprias -> {file1.txt=2}
alcançar -> {file1.txt=1}
compreenda -> {file1.txt=1}
crescimento -> {file1.txt=4}
limpa -> {file1.txt=1}
governança: -> {file1.txt=1}
composta -> {file1.txt=1}
reduzindo -> {file1.txt=1}
Comissão -> {file1.txt=1}
pilares -> {file1.txt=2}
169 -> {file1.txt=1}
investir -> {file1.txt=1}
exploração -> {file1.txt=1}
abrangem -> {file1.txt=1}
exaurir -> {file1.txt=1}
que -> {file1.txt=12}
adultos. -> {file1.txt=1}
reutilização -> {file1.txt=1}
eficazes -> {file1.txt=1}
enfrenta -> {file1.txt=1}
explorar -> {file1.txt=1}
evidencia -> {file1.txt=1}
equitativo. -> {file1.txt=1}
hábitos -> {file1.txt=2}
igualdade -> {file1.txt=1}
florestas -> {file1.txt=1}
conhecido -> {file1.txt=1}
agricultura -> {file1.txt=1}
gênero -> {file1.txt=1}
tradicional. -> {file1.txt=1}
implementação -> {file1.txt=2}
sensores -> {file1.txt=1}
informado -> {file1.txt=1}
representando -> {file1.txt=1}
disso -> {file1.txt=1}
locomover -> {file1.txt=1}
socioambiental. -> {file1.txt=1}
deve -> {file1.txt=1}
tenham -> {file1.txt=1}
Caminho -> {file1.txt=1}
(ONU) -> {file1.txt=1}
pobreza -> {file1.txt=1}
prática -> {file1.txt=1}
equidade -> {file1.txt=1}
transformações. -> {file1.txt=1}
quando -> {file1.txt=1}
grande -> {file1.txt=1}
baseados -> {file1.txt=1}
artificial -> {file1.txt=1}
racional -> {file1.txt=1}
pode -> {file1.txt=1}
compromisso -> {file1.txt=2}
Educação -> {file1.txt=1}
tudo -> {file1.txt=1}
responsáveis -> {file1.txt=2}
inúmeros -> {file1.txt=1}
necessidades -> {file1.txt=2}
demanda -> {file1.txt=1}
ético -> {file1.txt=1}
“satisfaz -> {file1.txt=1}
Objetivos -> {file1.txt=2}
valorizar -> {file1.txt=2}
infraestrutura -> {file1.txt=2}
interdependência -> {file1.txt=1}
saudável -> {file1.txt=1}
promoção -> {file1.txt=1}
justo -> {file1.txt=2}
termo -> {file1.txt=1}
clima -> {file1.txt=1}
reciclagem -> {file1.txt=1}
satisfazer -> {file1.txt=1}
até -> {file1.txt=2}
vai -> {file1.txt=1}
como -> {file1.txt=6}
Desenvolvimento -> {file1.txt=4}
elaborado -> {file1.txt=1}
ambientalmente -> {file1.txt=1}
"Nosso -> {file1.txt=1}
Comum" -> {file1.txt=1}
serviços -> {file1.txt=2}
1987 -> {file1.txt=1}
financeiros -> {file1.txt=1}
tecnologia -> {file1.txt=2}
força -> {file1.txt=1}
excessivo -> {file1.txt=1}
Mundial -> {file1.txt=1}
vezes -> {file1.txt=1}
satisfazerem -> {file1.txt=1}
inclusivo -> {file1.txt=1}
seja -> {file1.txt=1}
provocado -> {file1.txt=1}
questão -> {file1.txt=1}
busca -> {file1.txt=2}
ambiente -> {file1.txt=2}
planeta -> {file1.txt=1}
solar -> {file1.txt=1}
definição -> {file1.txt=1}
disseminado -> {file1.txt=1}
combate -> {file1.txt=1}
relacionada -> {file1.txt=1}
desafios: -> {file1.txt=1}
geram -> {file1.txt=1}
fala -> {file1.txt=1}
pilar -> {file1.txt=2}
escassez -> {file1.txt=1}
sendo -> {file1.txt=1}
recorrentes -> {file1.txt=1}
futuras -> {file1.txt=2}
saúde -> {file1.txt=2}
grupos -> {file1.txt=1}
Apesar -> {file1.txt=1}
comprometer -> {file1.txt=2}
setores -> {file1.txt=1}
atitudes -> {file1.txt=2}
outros. -> {file1.txt=1}
atuais -> {file1.txt=1}
economia -> {file1.txt=3}
sustentáveis. -> {file1.txt=3}
protegendo -> {file1.txt=1}
dimensões -> {file1.txt=1}
climáticas. -> {file1.txt=1}
influenciar -> {file1.txt=1}
fauna -> {file1.txt=1}
melhorar -> {file1.txt=1}
Ambiente -> {file1.txt=1}
equilibrado. -> {file1.txt=1}
significativo. -> {file1.txt=1}
Unidas -> {file1.txt=1}
climáticas: -> {file1.txt=1}
garantir -> {file1.txt=2}
justiça -> {file1.txt=2}
às -> {file1.txt=3}
utilizam -> {file1.txt=1}
das -> {file1.txt=9}
Sustentável: -> {file1.txt=1}
naturais -> {file1.txt=3}
responsável -> {file1.txt=1}
também -> {file1.txt=4}
harmônica -> {file1.txt=1}
separar -> {file1.txt=1}
são -> {file1.txt=2}
vem -> {file1.txt=1}
gere -> {file1.txt=1}
somadas -> {file1.txt=1}
locais. -> {file1.txt=1}
formas -> {file1.txt=1}
bem-estar -> {file1.txt=1}
impactos -> {file1.txt=1}
garantindo -> {file1.txt=1}
inteligentes -> {file1.txt=1}
Essa -> {file1.txt=2}
exclusão -> {file1.txt=2}
precisão -> {file1.txt=1}
atual -> {file1.txt=1}
procura -> {file1.txt=1}
transporte -> {file1.txt=2}
corretamente -> {file1.txt=1}
preocupação -> {file1.txt=1}
tende -> {file1.txt=1}
sociais: -> {file1.txt=1}
vontade -> {file1.txt=1}
alcance -> {file1.txt=1}
para -> {file1.txt=11}
essencial -> {file1.txt=1}
limites -> {file1.txt=1}
desafio -> {file1.txt=1}
sociais. -> {file1.txt=1}
depende -> {file1.txt=1}
contra -> {file1.txt=1}
continuam -> {file1.txt=1}
papel -> {file1.txt=1}
Startups -> {file1.txt=1}
agir -> {file1.txt=1}
maneira -> {file1.txt=1}
Embora -> {file1.txt=2}
modelos -> {file1.txt=1}
alternativa -> {file1.txt=1}
saneamento -> {file1.txt=2}
prosperidade -> {file1.txt=1}
estimular -> {file1.txt=1}
três -> {file1.txt=3}
obstáculos -> {file1.txt=1}
esteja -> {file1.txt=1}
intensificado -> {file1.txt=1}
técnica -> {file1.txt=1}
processo -> {file1.txt=1}
Futuro -> {file1.txt=2}
programas -> {file1.txt=1}
repensado -> {file1.txt=1}
desenvolvimento. -> {file1.txt=1}
engajamento -> {file1.txt=1}
recursos -> {file1.txt=6}
ganhando -> {file1.txt=1}
aquecimento -> {file1.txt=1}
